gradleBuild/outputs/logs/manifest-merger-debug-report.txt
-- Merging decision tree log ---
manifest
ADDED from examples/android/AndroidManifest.xml:16:1-67:12
	package
		ADDED from examples/android/AndroidManifest.xml:17:5-34
	xmlns:android
		ADDED from examples/android/AndroidManifest.xml:16:11-69
uses-sdk
ADDED from examples/android/AndroidManifest.xml:19:5-21:41
	android:targetSdkVersion
		ADDED from examples/android/AndroidManifest.xml:21:9-38
	android:minSdkVersion
		ADDED from examples/android/AndroidManifest.xml:20:9-35
uses-permission#android.permission.CAMERA
ADDED from examples/android/AndroidManifest.xml:23:5-65
	android:name
		ADDED from examples/android/AndroidManifest.xml:23:22-62
uses-feature#android.hardware.camera
ADDED from examples/android/AndroidManifest.xml:25:5-60
	android:name
		ADDED from examples/android/AndroidManifest.xml:25:19-57
uses-feature#android.hardware.camera.autofocus
ADDED from examples/android/AndroidManifest.xml:26:5-70
	android:name
		ADDED from examples/android/AndroidManifest.xml:26:19-67
uses-permission#android.permission.WRITE_EXTERNAL_STORAGE
ADDED from examples/android/AndroidManifest.xml:28:5-81
	android:name
		ADDED from examples/android/AndroidManifest.xml:28:22-78
uses-permission#android.permission.READ_PHONE_STATE
ADDED from examples/android/AndroidManifest.xml:29:5-75
	android:name
		ADDED from examples/android/AndroidManifest.xml:29:22-72
uses-permission#android.permission.READ_EXTERNAL_STORAGE
ADDED from examples/android/AndroidManifest.xml:30:5-80
	android:name
		ADDED from examples/android/AndroidManifest.xml:30:22-77
application
ADDED from examples/android/AndroidManifest.xml:32:5-65:19
	android:label
		ADDED from examples/android/AndroidManifest.xml:35:9-33
	android:allowBackup
		ADDED from examples/android/AndroidManifest.xml:33:9-35
	android:icon
		ADDED from examples/android/AndroidManifest.xml:34:9-43
	android:theme
		ADDED from examples/android/AndroidManifest.xml:36:9-45
activity#org.tensorflow.sidra.SplashActivity
ADDED from examples/android/AndroidManifest.xml:38:9-48:20
	android:screenOrientation
		ADDED from examples/android/AndroidManifest.xml:43:13-55
	android:launchMode
		ADDED from examples/android/AndroidManifest.xml:41:13-48
	android:noHistory
		ADDED from examples/android/AndroidManifest.xml:42:13-37
	android:configChanges
		ADDED from examples/android/AndroidManifest.xml:40:13-70
	android:name
		ADDED from examples/android/AndroidManifest.xml:39:13-63
intent-filter#android.intent.action.MAIN+android.intent.category.LAUNCHER
ADDED from examples/android/AndroidManifest.xml:44:13-47:29
action#android.intent.action.MAIN
ADDED from examples/android/AndroidManifest.xml:45:17-69
	android:name
		ADDED from examples/android/AndroidManifest.xml:45:25-66
category#android.intent.category.LAUNCHER
ADDED from examples/android/AndroidManifest.xml:46:17-77
	android:name
		ADDED from examples/android/AndroidManifest.xml:46:27-74
activity#org.tensorflow.demo.ClassifierActivity
ADDED from examples/android/AndroidManifest.xml:50:9-55:20
	android:screenOrientation
		ADDED from examples/android/AndroidManifest.xml:53:13-49
	android:label
		ADDED from examples/android/AndroidManifest.xml:52:13-65
	android:name
		ADDED from examples/android/AndroidManifest.xml:51:13-47
activity#org.tensorflow.sidra.DetectedActivity
ADDED from examples/android/AndroidManifest.xml:56:9-59:63
	android:screenOrientation
		ADDED from examples/android/AndroidManifest.xml:58:13-49
	android:label
		ADDED from examples/android/AndroidManifest.xml:59:13-60
	android:name
		ADDED from examples/android/AndroidManifest.xml:57:13-65
activity#org.tensorflow.sidra.ResultActivity
ADDED from examples/android/AndroidManifest.xml:60:9-63:61
	android:screenOrientation
		ADDED from examples/android/AndroidManifest.xml:62:13-49
	android:label
		ADDED from examples/android/AndroidManifest.xml:63:13-58
	android:name
		ADDED from examples/android/AndroidManifest.xml:61:13-63